<?xml version="1.0" encoding="UTF-8"?>
<!-- Generated by org.testng.reporters.JUnitXMLReporter -->
<testsuite ignored="0" hostname="DESKTOP-FRKOTJR" failures="0" tests="0" time="0.044" errors="0" timestamp="2023-10-26T10:47:21 IST">
  <testcase classname="testngpgm.CrossbrowserTesting" name="@BeforeTest setup" time="0.01">
    <failure type="java.lang.Error" message="Unresolved compilation problems: 
	browser cannot be resolved
	Syntax error on token &amp;quot;)&amp;quot;, Statement expected after this token
">
      <![CDATA[java.lang.Error: Unresolved compilation problems: 
browser cannot be resolved
Syntax error on token ")", Statement expected after this token

at testngpgm.CrossbrowserTesting.setup(CrossbrowserTesting.java:13)
... Removed 24 stack frames]]>
    </failure>
  </testcase> <!-- @BeforeTest setup -->
</testsuite>
